
Inactive Modules:
  1) cray     2) craype-network-infiniband     3) craype-x86-rome

Using cache found in /home/shihong/.cache/torch/hub/ultralytics_yolov5_master
YOLOv5 🚀 2023-8-28 Python-3.11.4 torch-2.0.1 CPU

Fusing layers... 
YOLOv5s summary: 213 layers, 7225885 parameters, 0 gradients
Adding AutoShape... 
GPU available: False, used: False
TPU available: False, using: 0 TPU cores
IPU available: False, using: 0 IPUs
HPU available: False, using: 0 HPUs

  | Name            | Type       | Params
-----------------------------------------------
0 | yolov5_backbone | AutoShape  | 7.2 M 
1 | features        | Sequential | 0     
2 | regression_head | Sequential | 629 M 
3 | criterion       | MSELoss    | 0     
-----------------------------------------------
629 M     Trainable params
7.2 M     Non-trainable params
636 M     Total params
2,545.490 Total estimated model params size (MB)
SLURM auto-requeueing enabled. Setting signal handlers.
`Trainer.fit` stopped: `max_epochs=10` reached.
SLURM auto-requeueing enabled. Setting signal handlers.
